# JRE version: Java(TM) SE Runtime Environment (8.0_51-b16) (build 1.8.0_51-b16)
# Java VM: Java HotSpot(TM) 64-Bit Server VM (25.51-b03 mixed mode windows-amd64 compressed oops)
Heap:
 PSYoungGen      total 139264K, used 83581K [0x00000000eab00000, 0x00000000f6400000, 0x0000000100000000)
  eden space 126464K, 55% used [0x00000000eab00000,0x00000000ef026270,0x00000000f2680000)
  from space 12800K, 99% used [0x00000000f2680000,0x00000000f32f9358,0x00000000f3300000)
  to   space 16896K, 0% used [0x00000000f5380000,0x00000000f5380000,0x00000000f6400000)
 ParOldGen       total 107008K, used 24905K [0x00000000c0000000, 0x00000000c6880000, 0x00000000eab00000)
  object space 107008K, 23% used [0x00000000c0000000,0x00000000c1852498,0x00000000c6880000)
 Metaspace       used 53037K, capacity 54772K, committed 55040K, reserved 1097728K
  class space    used 7250K, capacity 7627K, committed 7680K, reserved 1048576K
GC Heap History (10 events):
Event: 13.287 GC heap before
{Heap before GC invocations=7 (full 1):
 PSYoungGen      total 71680K, used 71652K [0x00000000eab00000, 0x00000000f1c00000, 0x0000000100000000)
  eden space 66560K, 100% used [0x00000000eab00000,0x00000000eec00000,0x00000000eec00000)
  from space 5120K, 99% used [0x00000000eec00000,0x00000000ef0f9078,0x00000000ef100000)
  to   space 11264K, 0% used [0x00000000f1100000,0x00000000f1100000,0x00000000f1c00000)
 ParOldGen       total 68608K, used 12405K [0x00000000c0000000, 0x00000000c4300000, 0x00000000eab00000)
  object space 68608K, 18% used [0x00000000c0000000,0x00000000c0c1d6d0,0x00000000c4300000)
 Metaspace       used 29688K, capacity 30102K, committed 30336K, reserved 1075200K
  class space    used 4117K, capacity 4213K, committed 4224K, reserved 1048576K
Event: 13.298 GC heap after
Heap after GC invocations=7 (full 1):
 PSYoungGen      total 96768K, used 6761K [0x00000000eab00000, 0x00000000f1800000, 0x0000000100000000)
  eden space 89600K, 0% used [0x00000000eab00000,0x00000000eab00000,0x00000000f0280000)
  from space 7168K, 94% used [0x00000000f1100000,0x00000000f179a4a8,0x00000000f1800000)
  to   space 10752K, 0% used [0x00000000f0300000,0x00000000f0300000,0x00000000f0d80000)
 ParOldGen       total 68608K, used 12485K [0x00000000c0000000, 0x00000000c4300000, 0x00000000eab00000)
  object space 68608K, 18% used [0x00000000c0000000,0x00000000c0c316e0,0x00000000c4300000)
 Metaspace       used 29688K, capacity 30102K, committed 30336K, reserved 1075200K
  class space    used 4117K, capacity 4213K, committed 4224K, reserved 1048576K
}
Event: 14.652 GC heap before
{Heap before GC invocations=8 (full 1):
 PSYoungGen      total 96768K, used 71087K [0x00000000eab00000, 0x00000000f1800000, 0x0000000100000000)
  eden space 89600K, 71% used [0x00000000eab00000,0x00000000ee9d1938,0x00000000f0280000)
  from space 7168K, 94% used [0x00000000f1100000,0x00000000f179a4a8,0x00000000f1800000)
  to   space 10752K, 0% used [0x00000000f0300000,0x00000000f0300000,0x00000000f0d80000)
 ParOldGen       total 68608K, used 12485K [0x00000000c0000000, 0x00000000c4300000, 0x00000000eab00000)
  object space 68608K, 18% used [0x00000000c0000000,0x00000000c0c316e0,0x00000000c4300000)
 Metaspace       used 34660K, capacity 35224K, committed 35456K, reserved 1079296K
  class space    used 4722K, capacity 4884K, committed 4992K, reserved 1048576K
Event: 14.679 GC heap after
Heap after GC invocations=8 (full 1):
 PSYoungGen      total 100864K, used 10732K [0x00000000eab00000, 0x00000000f3f00000, 0x0000000100000000)
  eden space 90112K, 0% used [0x00000000eab00000,0x00000000eab00000,0x00000000f0300000)
  from space 10752K, 99% used [0x00000000f0300000,0x00000000f0d7b138,0x00000000f0d80000)
  to   space 12288K, 0% used [0x00000000f3300000,0x00000000f3300000,0x00000000f3f00000)
 ParOldGen       total 68608K, used 12738K [0x00000000c0000000, 0x00000000c4300000, 0x00000000eab00000)
  object space 68608K, 18% used [0x00000000c0000000,0x00000000c0c70800,0x00000000c4300000)
 Metaspace       used 34660K, capacity 35224K, committed 35456K, reserved 1079296K
  class space    used 4722K, capacity 4884K, committed 4992K, reserved 1048576K
}
Event: 14.679 GC heap before
{Heap before GC invocations=9 (full 2):
 PSYoungGen      total 100864K, used 10732K [0x00000000eab00000, 0x00000000f3f00000, 0x0000000100000000)
  eden space 90112K, 0% used [0x00000000eab00000,0x00000000eab00000,0x00000000f0300000)
  from space 10752K, 99% used [0x00000000f0300000,0x00000000f0d7b138,0x00000000f0d80000)
  to   space 12288K, 0% used [0x00000000f3300000,0x00000000f3300000,0x00000000f3f00000)
 ParOldGen       total 68608K, used 12738K [0x00000000c0000000, 0x00000000c4300000, 0x00000000eab00000)
  object space 68608K, 18% used [0x00000000c0000000,0x00000000c0c70800,0x00000000c4300000)
 Metaspace       used 34660K, capacity 35224K, committed 35456K, reserved 1079296K
  class space    used 4722K, capacity 4884K, committed 4992K, reserved 1048576K
Event: 14.825 GC heap after
Heap after GC invocations=9 (full 2):
 PSYoungGen      total 100864K, used 0K [0x00000000eab00000, 0x00000000f3f00000, 0x0000000100000000)
  eden space 90112K, 0% used [0x00000000eab00000,0x00000000eab00000,0x00000000f0300000)
  from space 10752K, 0% used [0x00000000f0300000,0x00000000f0300000,0x00000000f0d80000)
  to   space 12288K, 0% used [0x00000000f3300000,0x00000000f3300000,0x00000000f3f00000)
 ParOldGen       total 107008K, used 17568K [0x00000000c0000000, 0x00000000c6880000, 0x00000000eab00000)
  object space 107008K, 16% used [0x00000000c0000000,0x00000000c1128218,0x00000000c6880000)
 Metaspace       used 34660K, capacity 35224K, committed 35456K, reserved 1079296K
  class space    used 4722K, capacity 4884K, committed 4992K, reserved 1048576K
}
Event: 17.256 GC heap before
{Heap before GC invocations=10 (full 2):
 PSYoungGen      total 100864K, used 90112K [0x00000000eab00000, 0x00000000f3f00000, 0x0000000100000000)
  eden space 90112K, 100% used [0x00000000eab00000,0x00000000f0300000,0x00000000f0300000)
  from space 10752K, 0% used [0x00000000f0300000,0x00000000f0300000,0x00000000f0d80000)
  to   space 12288K, 0% used [0x00000000f3300000,0x00000000f3300000,0x00000000f3f00000)
 ParOldGen       total 107008K, used 17568K [0x00000000c0000000, 0x00000000c6880000, 0x00000000eab00000)
  object space 107008K, 16% used [0x00000000c0000000,0x00000000c1128218,0x00000000c6880000)
 Metaspace       used 42526K, capacity 43384K, committed 43520K, reserved 1087488K
  class space    used 5816K, capacity 6087K, committed 6144K, reserved 1048576K
Event: 17.271 GC heap after
Heap after GC invocations=10 (full 2):
 PSYoungGen      total 138752K, used 9925K [0x00000000eab00000, 0x00000000f3f80000, 0x0000000100000000)
  eden space 126464K, 0% used [0x00000000eab00000,0x00000000eab00000,0x00000000f2680000)
  from space 12288K, 80% used [0x00000000f3300000,0x00000000f3cb1700,0x00000000f3f00000)
  to   space 12800K, 0% used [0x00000000f2680000,0x00000000f2680000,0x00000000f3300000)
 ParOldGen       total 107008K, used 17576K [0x00000000c0000000, 0x00000000c6880000, 0x00000000eab00000)
  object space 107008K, 16% used [0x00000000c0000000,0x00000000c112a218,0x00000000c6880000)
 Metaspace       used 42526K, capacity 43384K, committed 43520K, reserved 1087488K
  class space    used 5816K, capacity 6087K, committed 6144K, reserved 1048576K
}
Event: 20.961 GC heap before
{Heap before GC invocations=11 (full 2):
 PSYoungGen      total 138752K, used 136389K [0x00000000eab00000, 0x00000000f3f80000, 0x0000000100000000)
  eden space 126464K, 100% used [0x00000000eab00000,0x00000000f2680000,0x00000000f2680000)
  from space 12288K, 80% used [0x00000000f3300000,0x00000000f3cb1700,0x00000000f3f00000)
  to   space 12800K, 0% used [0x00000000f2680000,0x00000000f2680000,0x00000000f3300000)
 ParOldGen       total 107008K, used 17576K [0x00000000c0000000, 0x00000000c6880000, 0x00000000eab00000)
  object space 107008K, 16% used [0x00000000c0000000,0x00000000c112a218,0x00000000c6880000)
 Metaspace       used 50311K, capacity 51946K, committed 52224K, reserved 1093632K
  class space    used 6990K, capacity 7360K, committed 7424K, reserved 1048576K
Event: 20.987 GC heap after
Heap after GC invocations=11 (full 2):
 PSYoungGen      total 139264K, used 12772K [0x00000000eab00000, 0x00000000f6400000, 0x0000000100000000)
  eden space 126464K, 0% used [0x00000000eab00000,0x00000000eab00000,0x00000000f2680000)
  from space 12800K, 99% used [0x00000000f2680000,0x00000000f32f9358,0x00000000f3300000)
  to   space 16896K, 0% used [0x00000000f5380000,0x00000000f5380000,0x00000000f6400000)
 ParOldGen       total 107008K, used 24905K [0x00000000c0000000, 0x00000000c6880000, 0x00000000eab00000)
  object space 107008K, 23% used [0x00000000c0000000,0x00000000c1852498,0x00000000c6880000)
 Metaspace       used 50311K, capacity 51946K, committed 52224K, reserved 1093632K
  class space    used 6990K, capacity 7360K, committed 7424K, reserved 1048576K
}

