# JRE version: Java(TM) SE Runtime Environment (8.0_51-b16) (build 1.8.0_51-b16)
# Java VM: Java HotSpot(TM) 64-Bit Server VM (25.51-b03 mixed mode windows-amd64 compressed oops)
Heap:
 PSYoungGen      total 231936K, used 95180K [0x00000000eab00000, 0x00000000fff00000, 0x0000000100000000)
  eden space 116736K, 29% used [0x00000000eab00000,0x00000000ecc4bcc8,0x00000000f1d00000)
  from space 115200K, 53% used [0x00000000f8e80000,0x00000000fca275f0,0x00000000fff00000)
  to   space 115712K, 0% used [0x00000000f1d00000,0x00000000f1d00000,0x00000000f8e00000)
 ParOldGen       total 507904K, used 348019K [0x00000000c0000000, 0x00000000df000000, 0x00000000eab00000)
  object space 507904K, 68% used [0x00000000c0000000,0x00000000d53dcc20,0x00000000df000000)
 Metaspace       used 6577K, capacity 7256K, committed 7424K, reserved 1056768K
  class space    used 621K, capacity 656K, committed 768K, reserved 1048576K
GC Heap History (10 events):
Event: 38.736 GC heap before
{Heap before GC invocations=14 (full 2):
 PSYoungGen      total 224256K, used 223802K [0x00000000eab00000, 0x0000000100000000, 0x0000000100000000)
  eden space 151552K, 100% used [0x00000000eab00000,0x00000000f3f00000,0x00000000f3f00000)
  from space 72704K, 99% used [0x00000000f3f00000,0x00000000f858e820,0x00000000f8600000)
  to   space 105984K, 0% used [0x00000000f9880000,0x00000000f9880000,0x0000000100000000)
 ParOldGen       total 370176K, used 261235K [0x00000000c0000000, 0x00000000d6980000, 0x00000000eab00000)
  object space 370176K, 70% used [0x00000000c0000000,0x00000000cff1cd60,0x00000000d6980000)
 Metaspace       used 6570K, capacity 7256K, committed 7424K, reserved 1056768K
  class space    used 620K, capacity 656K, committed 768K, reserved 1048576K
Event: 38.887 GC heap after
Heap after GC invocations=14 (full 2):
 PSYoungGen      total 222720K, used 105955K [0x00000000eab00000, 0x0000000100000000, 0x0000000100000000)
  eden space 116736K, 0% used [0x00000000eab00000,0x00000000eab00000,0x00000000f1d00000)
  from space 105984K, 99% used [0x00000000f9880000,0x00000000ffff8ff0,0x0000000100000000)
  to   space 116224K, 0% used [0x00000000f1d00000,0x00000000f1d00000,0x00000000f8e80000)
 ParOldGen       total 370176K, used 286438K [0x00000000c0000000, 0x00000000d6980000, 0x00000000eab00000)
  object space 370176K, 77% used [0x00000000c0000000,0x00000000d17b9bd8,0x00000000d6980000)
 Metaspace       used 6570K, capacity 7256K, committed 7424K, reserved 1056768K
  class space    used 620K, capacity 656K, committed 768K, reserved 1048576K
}
Event: 39.020 GC heap before
{Heap before GC invocations=15 (full 2):
 PSYoungGen      total 222720K, used 222691K [0x00000000eab00000, 0x0000000100000000, 0x0000000100000000)
  eden space 116736K, 100% used [0x00000000eab00000,0x00000000f1d00000,0x00000000f1d00000)
  from space 105984K, 99% used [0x00000000f9880000,0x00000000ffff8ff0,0x0000000100000000)
  to   space 116224K, 0% used [0x00000000f1d00000,0x00000000f1d00000,0x00000000f8e80000)
 ParOldGen       total 370176K, used 286438K [0x00000000c0000000, 0x00000000d6980000, 0x00000000eab00000)
  object space 370176K, 77% used [0x00000000c0000000,0x00000000d17b9bd8,0x00000000d6980000)
 Metaspace       used 6570K, capacity 7256K, committed 7424K, reserved 1056768K
  class space    used 620K, capacity 656K, committed 768K, reserved 1048576K
Event: 39.157 GC heap after
Heap after GC invocations=15 (full 2):
 PSYoungGen      total 232960K, used 42138K [0x00000000eab00000, 0x0000000100000000, 0x0000000100000000)
  eden space 116736K, 0% used [0x00000000eab00000,0x00000000eab00000,0x00000000f1d00000)
  from space 116224K, 36% used [0x00000000f1d00000,0x00000000f4626878,0x00000000f8e80000)
  to   space 116224K, 0% used [0x00000000f8e80000,0x00000000f8e80000,0x0000000100000000)
 ParOldGen       total 392704K, used 392204K [0x00000000c0000000, 0x00000000d7f80000, 0x00000000eab00000)
  object space 392704K, 99% used [0x00000000c0000000,0x00000000d7f031b8,0x00000000d7f80000)
 Metaspace       used 6570K, capacity 7256K, committed 7424K, reserved 1056768K
  class space    used 620K, capacity 656K, committed 768K, reserved 1048576K
}
Event: 39.157 GC heap before
{Heap before GC invocations=16 (full 3):
 PSYoungGen      total 232960K, used 42138K [0x00000000eab00000, 0x0000000100000000, 0x0000000100000000)
  eden space 116736K, 0% used [0x00000000eab00000,0x00000000eab00000,0x00000000f1d00000)
  from space 116224K, 36% used [0x00000000f1d00000,0x00000000f4626878,0x00000000f8e80000)
  to   space 116224K, 0% used [0x00000000f8e80000,0x00000000f8e80000,0x0000000100000000)
 ParOldGen       total 392704K, used 392204K [0x00000000c0000000, 0x00000000d7f80000, 0x00000000eab00000)
  object space 392704K, 99% used [0x00000000c0000000,0x00000000d7f031b8,0x00000000d7f80000)
 Metaspace       used 6570K, capacity 7256K, committed 7424K, reserved 1056768K
  class space    used 620K, capacity 656K, committed 768K, reserved 1048576K
Event: 40.722 GC heap after
Heap after GC invocations=16 (full 3):
 PSYoungGen      total 232960K, used 0K [0x00000000eab00000, 0x0000000100000000, 0x0000000100000000)
  eden space 116736K, 0% used [0x00000000eab00000,0x00000000eab00000,0x00000000f1d00000)
  from space 116224K, 0% used [0x00000000f1d00000,0x00000000f1d00000,0x00000000f8e80000)
  to   space 116224K, 0% used [0x00000000f8e80000,0x00000000f8e80000,0x0000000100000000)
 ParOldGen       total 507904K, used 261999K [0x00000000c0000000, 0x00000000df000000, 0x00000000eab00000)
  object space 507904K, 51% used [0x00000000c0000000,0x00000000cffdbe10,0x00000000df000000)
 Metaspace       used 6570K, capacity 7256K, committed 7424K, reserved 1056768K
  class space    used 620K, capacity 656K, committed 768K, reserved 1048576K
}
Event: 41.464 GC heap before
{Heap before GC invocations=17 (full 3):
 PSYoungGen      total 232960K, used 116736K [0x00000000eab00000, 0x0000000100000000, 0x0000000100000000)
  eden space 116736K, 100% used [0x00000000eab00000,0x00000000f1d00000,0x00000000f1d00000)
  from space 116224K, 0% used [0x00000000f1d00000,0x00000000f1d00000,0x00000000f8e80000)
  to   space 116224K, 0% used [0x00000000f8e80000,0x00000000f8e80000,0x0000000100000000)
 ParOldGen       total 507904K, used 261999K [0x00000000c0000000, 0x00000000df000000, 0x00000000eab00000)
  object space 507904K, 51% used [0x00000000c0000000,0x00000000cffdbe10,0x00000000df000000)
 Metaspace       used 6576K, capacity 7256K, committed 7424K, reserved 1056768K
  class space    used 621K, capacity 656K, committed 768K, reserved 1048576K
Event: 41.892 GC heap after
Heap after GC invocations=17 (full 3):
 PSYoungGen      total 232960K, used 31601K [0x00000000eab00000, 0x0000000100000000, 0x0000000100000000)
  eden space 116736K, 0% used [0x00000000eab00000,0x00000000eab00000,0x00000000f1d00000)
  from space 116224K, 27% used [0x00000000f8e80000,0x00000000fad5c728,0x0000000100000000)
  to   space 116224K, 0% used [0x00000000f1d00000,0x00000000f1d00000,0x00000000f8e80000)
 ParOldGen       total 507904K, used 261999K [0x00000000c0000000, 0x00000000df000000, 0x00000000eab00000)
  object space 507904K, 51% used [0x00000000c0000000,0x00000000cffdbe10,0x00000000df000000)
 Metaspace       used 6576K, capacity 7256K, committed 7424K, reserved 1056768K
  class space    used 621K, capacity 656K, committed 768K, reserved 1048576K
}
Event: 44.894 GC heap before
{Heap before GC invocations=18 (full 3):
 PSYoungGen      total 232960K, used 148337K [0x00000000eab00000, 0x0000000100000000, 0x0000000100000000)
  eden space 116736K, 100% used [0x00000000eab00000,0x00000000f1d00000,0x00000000f1d00000)
  from space 116224K, 27% used [0x00000000f8e80000,0x00000000fad5c728,0x0000000100000000)
  to   space 116224K, 0% used [0x00000000f1d00000,0x00000000f1d00000,0x00000000f8e80000)
 ParOldGen       total 507904K, used 261999K [0x00000000c0000000, 0x00000000df000000, 0x00000000eab00000)
  object space 507904K, 51% used [0x00000000c0000000,0x00000000cffdbe10,0x00000000df000000)
 Metaspace       used 6577K, capacity 7256K, committed 7424K, reserved 1056768K
  class space    used 621K, capacity 656K, committed 768K, reserved 1048576K
Event: 45.510 GC heap after
Heap after GC invocations=18 (full 3):
 PSYoungGen      total 232960K, used 58085K [0x00000000eab00000, 0x0000000100000000, 0x0000000100000000)
  eden space 116736K, 0% used [0x00000000eab00000,0x00000000eab00000,0x00000000f1d00000)
  from space 116224K, 49% used [0x00000000f1d00000,0x00000000f55b95f8,0x00000000f8e80000)
  to   space 116224K, 0% used [0x00000000f8e80000,0x00000000f8e80000,0x0000000100000000)
 ParOldGen       total 507904K, used 289993K [0x00000000c0000000, 0x00000000df000000, 0x00000000eab00000)
  object space 507904K, 57% used [0x00000000c0000000,0x00000000d1b32548,0x00000000df000000)
 Metaspace       used 6577K, capacity 7256K, committed 7424K, reserved 1056768K
  class space    used 621K, capacity 656K, committed 768K, reserved 1048576K
}

